#
# A fatal error has been detected by the Java Runtime Environment:
#
#  EXCEPTION_ACCESS_VIOLATION (0xc0000005) at pc=0x000000007543a6c8, pid=6080, tid=0x00000000000020a0
#
# JRE version: Java(TM) SE Runtime Environment (8.0_111-b14) (build 1.8.0_111-b14)
# Java VM: Java HotSpot(TM) 64-Bit Server VM (25.111-b14 mixed mode windows-amd64 compressed oops)
# Problematic frame:
# V  [jvm.dll+0x13a6c8]
#
# Failed to write core dump. Minidumps are not enabled by default on client versions of Windows
#
# If you would like to submit a bug report, please visit:
#   http://bugreport.java.com/bugreport/crash.jsp
#

---------------  T H R E A D  ---------------

Current thread (0x0000000002d26800):  GCTaskThread [stack: 0x0000000012f00000,0x0000000013000000] [id=8352]

siginfo: ExceptionCode=0xc0000005, reading address 0xffffffffffffffff

Registers:
RAX=0x0000000013300000, RBX=0x0000000000000000, RCX=0x0000000000000000, RDX=0x0000000000000035
RSP=0x0000000012fff610, RBP=0x0000000002dfbf90, RSI=0x000000072d99639c, RDI=0x00000006840849a8
R8 =0x007fffffffe00424, R9 =0x000000000c4aae00, R10=0x000000000000000c, R11=0x000000000c4aae00
R12=0x000000072d9963a8, R13=0x000000000c4ab000, R14=0x00000006fc6ea398, R15=0x0000000015265e48
RIP=0x000000007543a6c8, EFLAGS=0x0000000000010206

Top of Stack: (sp=0x0000000012fff610)
0x0000000012fff610:   000000001c1a4ed0 00000000754147fa
0x0000000012fff620:   00000007c0023780 00000000756f64b9
0x0000000012fff630:   00000006fc6ea398 000000007551d2e2
0x0000000012fff640:   0000000000000000 00000000000003d8
0x0000000012fff650:   0000000002d27398 000000000c4aae00
0x0000000012fff660:   0000000000000000 00000000756f72aa
0x0000000012fff670:   0000000002dfbf90 00000006fc6ea398
0x0000000012fff680:   0000000002d26fc0 000ad88900000000
0x0000000012fff690:   000003d200000662 000003d300000662
0x0000000012fff6a0:   0000000000000000 00000006fc6ea398
0x0000000012fff6b0:   000000000c4aae00 0000000002d10800
0x0000000012fff6c0:   0000000002d26f01 0000000002d26f01
0x0000000012fff6d0:   0000134259ee2e28 0000000002d27398
0x0000000012fff6e0:   0000000002d26fc0 00000000000003d8
0x0000000012fff6f0:   0000000002d26fc0 0000000002d22070
0x0000000012fff700:   0000000002d26fb0 000000001c155720 

Instructions: (pc=0x000000007543a6c8)
0x000000007543a6a8:   05 13 00 6e 00 49 c1 e8 03 49 d3 e8 41 0f b6 c0
0x000000007543a6b8:   49 c1 e8 06 24 3f 0f b6 d0 48 8b 05 28 00 6e 00
0x000000007543a6c8:   4a 8b 0c c0 48 0f a3 d1 72 3e 48 8b cf e8 56 08
0x000000007543a6d8:   fd ff 84 c0 74 32 48 8b d7 48 8b cd e8 27 d7 fc 


Register to memory mapping:

RAX=0x0000000013300000 is an unknown value
RBX=0x0000000000000000 is an unknown value
RCX=0x0000000000000000 is an unknown value
RDX=0x0000000000000035 is an unknown value
RSP=0x0000000012fff610 is an unknown value
RBP=0x0000000002dfbf90 is an unknown value
RSI=0x000000072d99639c is pointing into object: 0x00000006fc6ea398
[Ljava.lang.Object; 
 - klass: 'java/lang/Object'[]
 - length: 354836040
RDI=0x00000006840849a8 is an unknown value
R8 =0x007fffffffe00424 is an unknown value
R9 =0x000000000c4aae00 is an unknown value
R10=0x000000000000000c is an unknown value
R11=0x000000000c4aae00 is an unknown value
R12=0x000000072d9963a8 is pointing into object: 0x00000006fc6ea398
[Ljava.lang.Object; 
 - klass: 'java/lang/Object'[]
 - length: 354836040
R13=0x000000000c4ab000 is an unknown value
R14=0x00000006fc6ea398 is an oop
[Ljava.lang.Object; 
 - klass: 'java/lang/Object'[]
 - length: 354836040
R15=0x0000000015265e48 is an unknown value


Stack: [0x0000000012f00000,0x0000000013000000],  sp=0x0000000012fff610,  free space=1021k
Native frames: (J=compiled Java code, j=interpreted, Vv=VM code, C=native code)
V  [jvm.dll+0x13a6c8]
V  [jvm.dll+0x3f72aa]
V  [jvm.dll+0x3f4083]
V  [jvm.dll+0x3f1eee]
V  [jvm.dll+0x29c43a]
C  [msvcr100.dll+0x21d9f]
C  [msvcr100.dll+0x21e3b]
C  [KERNEL32.DLL+0x13034]
C  [ntdll.dll+0x71431]


---------------  P R O C E S S  ---------------

Java Threads: ( => current thread )
  0x000000001d972000 JavaThread "Service Thread" daemon [_thread_blocked, id=6484, stack(0x000000001def0000,0x000000001dff0000)]
  0x000000001d8fb000 JavaThread "C1 CompilerThread2" daemon [_thread_blocked, id=1992, stack(0x000000001ddf0000,0x000000001def0000)]
  0x000000001c2dc800 JavaThread "C2 CompilerThread1" daemon [_thread_blocked, id=13844, stack(0x000000001dcf0000,0x000000001ddf0000)]
  0x000000001c2da800 JavaThread "C2 CompilerThread0" daemon [_thread_blocked, id=5832, stack(0x000000001d7f0000,0x000000001d8f0000)]
  0x000000001c2d9000 JavaThread "Attach Listener" daemon [_thread_blocked, id=2392, stack(0x000000001d6f0000,0x000000001d7f0000)]
  0x000000001c2d8800 JavaThread "Signal Dispatcher" daemon [_thread_blocked, id=1968, stack(0x000000001d5f0000,0x000000001d6f0000)]
  0x0000000002e0a000 JavaThread "Finalizer" daemon [_thread_blocked, id=8940, stack(0x000000001d4f0000,0x000000001d5f0000)]
  0x0000000002dff000 JavaThread "Reference Handler" daemon [_thread_blocked, id=12528, stack(0x000000001d3f0000,0x000000001d4f0000)]
  0x0000000002d10800 JavaThread "main" [_thread_blocked, id=6544, stack(0x0000000002c10000,0x0000000002d10000)]

Other Threads:
  0x000000001c246000 VMThread [stack: 0x000000001d2f0000,0x000000001d3f0000] [id=10776]
  0x000000001d9c9800 WatcherThread [stack: 0x000000001dff0000,0x000000001e0f0000] [id=2112]

=>0x0000000002d26800 (exited) GCTaskThread [stack: 0x0000000012f00000,0x0000000013000000] [id=8352]

VM state:at safepoint (normal execution)

VM Mutex/Monitor currently owned by a thread:  ([mutex/lock_event])
[0x000000000287c430] Threads_lock - owner thread: 0x000000001c246000
[0x000000000287ba30] Heap_lock - owner thread: 0x0000000002d10800

Heap:
 PSYoungGen      total 1140736K, used 32K [0x000000076c000000, 0x00000007bff00000, 0x00000007c0000000)
  eden space 1137664K, 0% used [0x000000076c000000,0x000000076c000000,0x00000007b1700000)
  from space 3072K, 1% used [0x00000007b1700000,0x00000007b1708000,0x00000007b1a00000)
  to   space 2560K, 0% used [0x00000007bfc80000,0x00000007bfc80000,0x00000007bff00000)
 ParOldGen       total 2752512K, used 2310663K [0x00000006c4000000, 0x000000076c000000, 0x000000076c000000)
  object space 2752512K, 83% used [0x00000006c4000000,0x0000000751081cc8,0x000000076c000000)
 Metaspace       used 2657K, capacity 4564K, committed 4864K, reserved 1056768K
  class space    used 295K, capacity 388K, committed 512K, reserved 1048576K

Card table byte_map: [0x00000000121d0000,0x00000000129c0000] byte_map_base: 0x000000000ebb0000

Marking Bits: (ParMarkBitMap*) 0x0000000075b1a6c0
 Begin Bits: [0x0000000013300000, 0x0000000017200000)
 End Bits:   [0x0000000017200000, 0x000000001b100000)

Polling page: 0x00000000007e0000

CodeCache: size=245760Kb used=1166Kb max_used=1178Kb free=244594Kb
 bounds [0x0000000002e10000, 0x0000000003080000, 0x0000000011e10000]
 total_blobs=287 nmethods=54 adapters=148
 compilation: enabled

Compilation events (10 events):
Event: 0.301 Thread 0x000000001c2da800 nmethod 50 0x0000000002f2a750 code [0x0000000002f2a880, 0x0000000002f2a958]
Event: 0.301 Thread 0x000000001c2da800   48       4       java.util.LinkedList::linkLast (59 bytes)
Event: 0.302 Thread 0x000000001c2dc800 nmethod 49 0x0000000002f2f0d0 code [0x0000000002f2f220, 0x0000000002f2f2b8]
Event: 0.302 Thread 0x000000001c2da800 nmethod 48 0x0000000002f30450 code [0x0000000002f305a0, 0x0000000002f306d8]
Event: 0.308 Thread 0x000000001d8fb000   52 %     3       link.list.Solution::Print @ 61 (163 bytes)
Event: 0.310 Thread 0x000000001d8fb000 nmethod 52% 0x0000000002f31fd0 code [0x0000000002f32340, 0x0000000002f34068]
Event: 0.310 Thread 0x000000001d8fb000   53       3       link.list.Solution::Print (163 bytes)
Event: 0.312 Thread 0x000000001d8fb000 nmethod 53 0x0000000002f351d0 code [0x0000000002f35540, 0x0000000002f37158]
Event: 0.312 Thread 0x000000001c2dc800   54 %     4       link.list.Solution::Print @ 61 (163 bytes)
Event: 0.319 Thread 0x000000001c2dc800 nmethod 54% 0x0000000002f2c950 code [0x0000000002f2cae0, 0x0000000002f2cfc8]

GC Heap History (10 events):
Event: 134.906 GC heap after
Heap after GC invocations=26 (full 7):
 PSYoungGen      total 840192K, used 0K [0x000000076c000000, 0x00000007a7d80000, 0x00000007c0000000)
  eden space 836608K, 0% used [0x000000076c000000,0x000000076c000000,0x000000079f100000)
  from space 3584K, 0% used [0x000000079f100000,0x000000079f100000,0x000000079f480000)
  to   space 3584K, 0% used [0x00000007a7a00000,0x00000007a7a00000,0x00000007a7d80000)
 ParOldGen       total 2752512K, used 2310663K [0x00000006c4000000, 0x000000076c000000, 0x000000076c000000)
  object space 2752512K, 83% used [0x00000006c4000000,0x0000000751081cc8,0x000000076c000000)
 Metaspace       used 2657K, capacity 4564K, committed 4864K, reserved 1056768K
  class space    used 295K, capacity 388K, committed 512K, reserved 1048576K
}
Event: 135.516 GC heap before
{Heap before GC invocations=27 (full 7):
 PSYoungGen      total 840192K, used 836608K [0x000000076c000000, 0x00000007a7d80000, 0x00000007c0000000)
  eden space 836608K, 100% used [0x000000076c000000,0x000000079f100000,0x000000079f100000)
  from space 3584K, 0% used [0x000000079f100000,0x000000079f100000,0x000000079f480000)
  to   space 3584K, 0% used [0x00000007a7a00000,0x00000007a7a00000,0x00000007a7d80000)
 ParOldGen       total 2752512K, used 2310663K [0x00000006c4000000, 0x000000076c000000, 0x000000076c000000)
  object space 2752512K, 83% used [0x00000006c4000000,0x0000000751081cc8,0x000000076c000000)
 Metaspace       used 2657K, capacity 4564K, committed 4864K, reserved 1056768K
  class space    used 295K, capacity 388K, committed 512K, reserved 1048576K
Event: 136.060 GC heap after
Heap after GC invocations=27 (full 7):
 PSYoungGen      total 976896K, used 0K [0x000000076c000000, 0x00000007a8280000, 0x00000007c0000000)
  eden space 973312K, 0% used [0x000000076c000000,0x000000076c000000,0x00000007a7680000)
  from space 3584K, 0% used [0x00000007a7a00000,0x00000007a7a00000,0x00000007a7d80000)
  to   space 3584K, 0% used [0x00000007a7680000,0x00000007a7680000,0x00000007a7a00000)
 ParOldGen       total 2752512K, used 2310663K [0x00000006c4000000, 0x000000076c000000, 0x000000076c000000)
  object space 2752512K, 83% used [0x00000006c4000000,0x0000000751081cc8,0x000000076c000000)
 Metaspace       used 2657K, capacity 4564K, committed 4864K, reserved 1056768K
  class space    used 295K, capacity 388K, committed 512K, reserved 1048576K
}
Event: 136.827 GC heap before
{Heap before GC invocations=28 (full 7):
 PSYoungGen      total 976896K, used 973312K [0x000000076c000000, 0x00000007a8280000, 0x00000007c0000000)
  eden space 973312K, 100% used [0x000000076c000000,0x00000007a7680000,0x00000007a7680000)
  from space 3584K, 0% used [0x00000007a7a00000,0x00000007a7a00000,0x00000007a7d80000)
  to   space 3584K, 0% used [0x00000007a7680000,0x00000007a7680000,0x00000007a7a00000)
 ParOldGen       total 2752512K, used 2310663K [0x00000006c4000000, 0x000000076c000000, 0x000000076c000000)
  object space 2752512K, 83% used [0x00000006c4000000,0x0000000751081cc8,0x000000076c000000)
 Metaspace       used 2657K, capacity 4564K, committed 4864K, reserved 1056768K
  class space    used 295K, capacity 388K, committed 512K, reserved 1048576K
Event: 137.377 GC heap after
Heap after GC invocations=28 (full 7):
 PSYoungGen      total 976896K, used 0K [0x000000076c000000, 0x00000007b1d00000, 0x00000007c0000000)
  eden space 973312K, 0% used [0x000000076c000000,0x000000076c000000,0x00000007a7680000)
  from space 3584K, 0% used [0x00000007a7680000,0x00000007a7680000,0x00000007a7a00000)
  to   space 3072K, 0% used [0x00000007b1a00000,0x00000007b1a00000,0x00000007b1d00000)
 ParOldGen       total 2752512K, used 2310663K [0x00000006c4000000, 0x000000076c000000, 0x000000076c000000)
  object space 2752512K, 83% used [0x00000006c4000000,0x0000000751081cc8,0x000000076c000000)
 Metaspace       used 2657K, capacity 4564K, committed 4864K, reserved 1056768K
  class space    used 295K, capacity 388K, committed 512K, reserved 1048576K
}
Event: 137.468 GC heap before
{Heap before GC invocations=29 (full 7):
 PSYoungGen      total 976896K, used 136252K [0x000000076c000000, 0x00000007b1d00000, 0x00000007c0000000)
  eden space 973312K, 13% used [0x000000076c000000,0x000000077450f010,0x00000007a7680000)
  from space 3584K, 0% used [0x00000007a7680000,0x00000007a7680000,0x00000007a7a00000)
  to   space 3072K, 0% used [0x00000007b1a00000,0x00000007b1a00000,0x00000007b1d00000)
 ParOldGen       total 2752512K, used 2310663K [0x00000006c4000000, 0x000000076c000000, 0x000000076c000000)
  object space 2752512K, 83% used [0x00000006c4000000,0x0000000751081cc8,0x000000076c000000)
 Metaspace       used 2657K, capacity 4564K, committed 4864K, reserved 1056768K
  class space    used 295K, capacity 388K, committed 512K, reserved 1048576K
Event: 138.015 GC heap after
Heap after GC invocations=29 (full 7):
 PSYoungGen      total 1140736K, used 32K [0x000000076c000000, 0x00000007b4680000, 0x00000007c0000000)
  eden space 1137664K, 0% used [0x000000076c000000,0x000000076c000000,0x00000007b1700000)
  from space 3072K, 1% used [0x00000007b1a00000,0x00000007b1a08000,0x00000007b1d00000)
  to   space 3072K, 0% used [0x00000007b1700000,0x00000007b1700000,0x00000007b1a00000)
 ParOldGen       total 2752512K, used 2310663K [0x00000006c4000000, 0x000000076c000000, 0x000000076c000000)
  object space 2752512K, 83% used [0x00000006c4000000,0x0000000751081cc8,0x000000076c000000)
 Metaspace       used 2657K, capacity 4564K, committed 4864K, reserved 1056768K
  class space    used 295K, capacity 388K, committed 512K, reserved 1048576K
}
Event: 138.015 GC heap before
{Heap before GC invocations=30 (full 7):
 PSYoungGen      total 1140736K, used 32K [0x000000076c000000, 0x00000007b4680000, 0x00000007c0000000)
  eden space 1137664K, 0% used [0x000000076c000000,0x000000076c000000,0x00000007b1700000)
  from space 3072K, 1% used [0x00000007b1a00000,0x00000007b1a08000,0x00000007b1d00000)
  to   space 3072K, 0% used [0x00000007b1700000,0x00000007b1700000,0x00000007b1a00000)
 ParOldGen       total 2752512K, used 2310663K [0x00000006c4000000, 0x000000076c000000, 0x000000076c000000)
  object space 2752512K, 83% used [0x00000006c4000000,0x0000000751081cc8,0x000000076c000000)
 Metaspace       used 2657K, capacity 4564K, committed 4864K, reserved 1056768K
  class space    used 295K, capacity 388K, committed 512K, reserved 1048576K
Event: 138.559 GC heap after
Heap after GC invocations=30 (full 7):
 PSYoungGen      total 1140736K, used 32K [0x000000076c000000, 0x00000007bff00000, 0x00000007c0000000)
  eden space 1137664K, 0% used [0x000000076c000000,0x000000076c000000,0x00000007b1700000)
  from space 3072K, 1% used [0x00000007b1700000,0x00000007b1708000,0x00000007b1a00000)
  to   space 2560K, 0% used [0x00000007bfc80000,0x00000007bfc80000,0x00000007bff00000)
 ParOldGen       total 2752512K, used 2310663K [0x00000006c4000000, 0x000000076c000000, 0x000000076c000000)
  object space 2752512K, 83% used [0x00000006c4000000,0x0000000751081cc8,0x000000076c000000)
 Metaspace       used 2657K, capacity 4564K, committed 4864K, reserved 1056768K
  class space    used 295K, capacity 388K, committed 512K, reserved 1048576K
}
Event: 138.559 GC heap before
{Heap before GC invocations=31 (full 8):
 PSYoungGen      total 1140736K, used 32K [0x000000076c000000, 0x00000007bff00000, 0x00000007c0000000)
  eden space 1137664K, 0% used [0x000000076c000000,0x000000076c000000,0x00000007b1700000)
  from space 3072K, 1% used [0x00000007b1700000,0x00000007b1708000,0x00000007b1a00000)
  to   space 2560K, 0% used [0x00000007bfc80000,0x00000007bfc80000,0x00000007bff00000)
 ParOldGen       total 2752512K, used 2310663K [0x00000006c4000000, 0x000000076c000000, 0x000000076c000000)
  object space 2752512K, 83% used [0x00000006c4000000,0x0000000751081cc8,0x000000076c000000)
 Metaspace       used 2657K, capacity 4564K, committed 4864K, reserved 1056768K
  class space    used 295K, capacity 388K, committed 512K, reserved 1048576K

Deoptimization events (1 events):
Event: 0.293 Thread 0x0000000002d10800 Uncommon trap: reason=unstable_if action=reinterpret pc=0x0000000002f28728 method=link.list.Solution.turnSomeOne([II)I @ 19

Internal exceptions (2 events):
Event: 0.061 Thread 0x0000000002d10800 Exception <a 'java/lang/NoSuchMethodError': Method sun.misc.Unsafe.defineClass(Ljava/lang/String;[BII)Ljava/lang/Class; name or signature does not match> (0x000000076c007c78) thrown at [C:\re\workspace\8-2-build-windows-amd64-cygwin\jdk8u111\7883\hotspot\
Event: 0.061 Thread 0x0000000002d10800 Exception <a 'java/lang/NoSuchMethodError': Method sun.misc.Unsafe.prefetchRead(Ljava/lang/Object;J)V name or signature does not match> (0x000000076c007f60) thrown at [C:\re\workspace\8-2-build-windows-amd64-cygwin\jdk8u111\7883\hotspot\src\share\vm\prims

Events (10 events):
Event: 78.211 Executing VM operation: ParallelGCFailedAllocation done
Event: 78.395 Executing VM operation: ParallelGCFailedAllocation
Event: 132.814 Executing VM operation: ParallelGCFailedAllocation done
Event: 134.340 Executing VM operation: ParallelGCFailedAllocation
Event: 134.906 Executing VM operation: ParallelGCFailedAllocation done
Event: 135.516 Executing VM operation: ParallelGCFailedAllocation
Event: 136.060 Executing VM operation: ParallelGCFailedAllocation done
Event: 136.827 Executing VM operation: ParallelGCFailedAllocation
Event: 137.377 Executing VM operation: ParallelGCFailedAllocation done
Event: 137.468 Executing VM operation: ParallelGCFailedAllocation


Dynamic libraries:
0x00007ff7bba40000 - 0x00007ff7bba77000 	E:\Java\jre1.8.0_111\bin\javaw.exe
0x00007ffd510b0000 - 0x00007ffd51291000 	C:\WINDOWS\SYSTEM32\ntdll.dll
0x00007ffd4ffa0000 - 0x00007ffd50052000 	C:\WINDOWS\System32\KERNEL32.DLL
0x00007ffd4dd90000 - 0x00007ffd4e003000 	C:\WINDOWS\System32\KERNELBASE.dll
0x00007ffd50fd0000 - 0x00007ffd51071000 	C:\WINDOWS\System32\ADVAPI32.dll
0x00007ffd508c0000 - 0x00007ffd5095e000 	C:\WINDOWS\System32\msvcrt.dll
0x00007ffd4e880000 - 0x00007ffd4e8db000 	C:\WINDOWS\System32\sechost.dll
0x00007ffd4e750000 - 0x00007ffd4e874000 	C:\WINDOWS\System32\RPCRT4.dll
0x00007ffd50680000 - 0x00007ffd50810000 	C:\WINDOWS\System32\USER32.dll
0x00007ffd4e010000 - 0x00007ffd4e030000 	C:\WINDOWS\System32\win32u.dll
0x00007ffd4e700000 - 0x00007ffd4e728000 	C:\WINDOWS\System32\GDI32.dll
0x00007ffd4e130000 - 0x00007ffd4e2c2000 	C:\WINDOWS\System32\gdi32full.dll
0x00007ffd4dcf0000 - 0x00007ffd4dd8f000 	C:\WINDOWS\System32\msvcp_win.dll
0x00007ffd4d480000 - 0x00007ffd4d57a000 	C:\WINDOWS\System32\ucrtbase.dll
0x00007ffd44090000 - 0x00007ffd442f9000 	C:\WINDOWS\WinSxS\amd64_microsoft.windows.common-controls_6595b64144ccf1df_6.0.17134.112_none_fb3f961b30681c12\COMCTL32.dll
0x00007ffd50c30000 - 0x00007ffd50f53000 	C:\WINDOWS\System32\combase.dll
0x00007ffd4e4c0000 - 0x00007ffd4e53a000 	C:\WINDOWS\System32\bcryptPrimitives.dll
0x00007ffd50810000 - 0x00007ffd5083d000 	C:\WINDOWS\System32\IMM32.DLL
0x00000000768e0000 - 0x00000000769b2000 	E:\Java\jre1.8.0_111\bin\msvcr100.dll
0x0000000075300000 - 0x0000000075b9a000 	E:\Java\jre1.8.0_111\bin\server\jvm.dll
0x00007ffd4e730000 - 0x00007ffd4e738000 	C:\WINDOWS\System32\PSAPI.DLL
0x00007ffd4b520000 - 0x00007ffd4b529000 	C:\WINDOWS\SYSTEM32\WSOCK32.dll
0x00007ffd50f60000 - 0x00007ffd50fcc000 	C:\WINDOWS\System32\WS2_32.dll
0x00007ffd4b2d0000 - 0x00007ffd4b2f3000 	C:\WINDOWS\SYSTEM32\WINMM.dll
0x00007ffd45540000 - 0x00007ffd4554a000 	C:\WINDOWS\SYSTEM32\VERSION.dll
0x00007ffd4ae30000 - 0x00007ffd4ae5a000 	C:\WINDOWS\SYSTEM32\WINMMBASE.dll
0x00007ffd4e030000 - 0x00007ffd4e079000 	C:\WINDOWS\System32\cfgmgr32.dll
0x0000000076cd0000 - 0x0000000076cdf000 	E:\Java\jre1.8.0_111\bin\verify.dll
0x0000000076ca0000 - 0x0000000076cc9000 	E:\Java\jre1.8.0_111\bin\java.dll
0x0000000076c80000 - 0x0000000076c96000 	E:\Java\jre1.8.0_111\bin\zip.dll
0x00007ffd4eb60000 - 0x00007ffd4ffa0000 	C:\WINDOWS\System32\SHELL32.dll
0x00007ffd50b80000 - 0x00007ffd50c29000 	C:\WINDOWS\System32\shcore.dll
0x00007ffd4d5e0000 - 0x00007ffd4dced000 	C:\WINDOWS\System32\windows.storage.dll
0x00007ffd4eb00000 - 0x00007ffd4eb51000 	C:\WINDOWS\System32\shlwapi.dll
0x00007ffd4d420000 - 0x00007ffd4d431000 	C:\WINDOWS\System32\kernel.appcore.dll
0x00007ffd4d460000 - 0x00007ffd4d47f000 	C:\WINDOWS\System32\profapi.dll
0x00007ffd4d3d0000 - 0x00007ffd4d41c000 	C:\WINDOWS\System32\powrprof.dll
0x00007ffd4d3c0000 - 0x00007ffd4d3ca000 	C:\WINDOWS\System32\FLTLIB.DLL
0x00007ffd44440000 - 0x00007ffd44609000 	C:\WINDOWS\SYSTEM32\dbghelp.dll

VM Arguments:
jvm_args: -Dfile.encoding=GBK 
java_command: link.list.Solution
java_class_path (initial): F:\ѧϰ\OJ_workspace\OfferTopics\bin
Launcher Type: SUN_STANDARD

Environment Variables:
JAVA_HOME=E:\Java\jdk1.8.0_111\bin
PATH=E:/Java/jre1.8.0_111/bin/server;E:/Java/jre1.8.0_111/bin;E:/Java/jre1.8.0_111/lib/amd64;C:\ProgramData\Oracle\Java\javapath;C:\WINDOWS\system32;C:\WINDOWS;C:\WINDOWS\System32\Wbem;C:\WINDOWS\System32\WindowsPowerShell\v1.0\;C:\WINDOWS\system32\config\systemprofile\.dnx\bin;C:\Program Files\Microsoft DNX\Dnvm\;C:\Program Files\Microsoft SQL Server\130\Tools\Binn\;C:\Program Files (x86)\Windows Kits\8.1\Windows Performance Toolkit\;%JAVA_HOME%;C:\Users\Raven\AppData\Local\Google\Chrome\Application;C:\WINDOWS\System32\OpenSSH\;E:\Git\cmd;E:\Anacoda;E:\Anacoda\Scripts;E:\Anacoda\Library\bin;C:\Users\Raven\AppData\Local\Microsoft\WindowsApps;;E:\Eclipse;
USERNAME=Raven
OS=Windows_NT
PROCESSOR_IDENTIFIER=AMD64 Family 16 Model 5 Stepping 3, AuthenticAMD



---------------  S Y S T E M  ---------------

OS: Windows 10.0 , 64 bit Build 17134 (10.0.17134.1)

CPU:total 4 (4 cores per cpu, 1 threads per core) family 16 model 5 stepping 3, cmov, cx8, fxsr, mmx, sse, sse2, sse3, popcnt, mmxext, 3dnowpref, lzcnt, sse4a, tsc, tscinvbit, tscinv

Memory: 4k page, physical 16514032k(8277372k free), swap 19004400k(9117580k free)

vm_info: Java HotSpot(TM) 64-Bit Server VM (25.111-b14) for windows-amd64 JRE (1.8.0_111-b14), built on Sep 22 2016 19:24:05 by "java_re" with MS VC++ 10.0 (VS2010)

time: Tue Jul 03 20:05:39 2018
elapsed time: 139 seconds (0d 0h 2m 19s)

