#
# A fatal error has been detected by the Java Runtime Environment:
#
#  EXCEPTION_ACCESS_VIOLATION (0xc0000005) at pc=0x000000007543a6c8, pid=9204, tid=0x0000000000002ebc
#
# JRE version: Java(TM) SE Runtime Environment (8.0_111-b14) (build 1.8.0_111-b14)
# Java VM: Java HotSpot(TM) 64-Bit Server VM (25.111-b14 mixed mode windows-amd64 compressed oops)
# Problematic frame:
# V  [jvm.dll+0x13a6c8]
#
# Failed to write core dump. Minidumps are not enabled by default on client versions of Windows
#
# If you would like to submit a bug report, please visit:
#   http://bugreport.java.com/bugreport/crash.jsp
#

---------------  T H R E A D  ---------------

Current thread (0x0000000002e38000):  GCTaskThread [stack: 0x0000000013110000,0x0000000013210000] [id=11964]

siginfo: ExceptionCode=0xc0000005, reading address 0xffffffffffffffff

Registers:
RAX=0x0000000013410000, RBX=0x0000000000000000, RCX=0x0000000000000000, RDX=0x0000000000000035
RSP=0x000000001320f580, RBP=0x0000000002f0ad10, RSI=0x00000007000f539c, RDI=0x00000006840849a8
R8 =0x007fffffffe00424, R9 =0x00000000059b5c00, R10=0x000000000000000c, R11=0x00000000059b5c00
R12=0x00000007000f5600, R13=0x00000000059b5e00, R14=0x00000006e9a1ddf0, R15=0x000000000e199430
RIP=0x000000007543a6c8, EFLAGS=0x0000000000010206

Top of Stack: (sp=0x000000001320f580)
0x000000001320f580:   000000001c324fe0 00000000000003d8
0x000000001320f590:   0000000002e38988 00000000756f64b9
0x000000001320f5a0:   00000006e9a1ddf0 000000007551d2e2
0x000000001320f5b0:   0000000000000000 00000000000003d8
0x000000001320f5c0:   0000000002e38988 00000000059b5c00
0x000000001320f5d0:   0000000000000000 00000000756f72aa
0x000000001320f5e0:   0000000002f0ad10 00000006e9a1ddf0
0x000000001320f5f0:   0000000002e385b0 0003bb5b00000000
0x000000001320f600:   0000031400000163 0000031500000163
0x000000001320f610:   0000000000000000 00000006e9a1ddf0
0x000000001320f620:   00000000059b5c00 0000000002e20800
0x000000001320f630:   0000000002e38501 0000000002e38501
0x000000001320f640:   000013425bbc12b0 0000000002e38988
0x000000001320f650:   0000000002e385b0 00000000000003d8
0x000000001320f660:   0000000002e385b0 0000000002e2c990
0x000000001320f670:   0000000002e385a0 000000001c2b5720 

Instructions: (pc=0x000000007543a6c8)
0x000000007543a6a8:   05 13 00 6e 00 49 c1 e8 03 49 d3 e8 41 0f b6 c0
0x000000007543a6b8:   49 c1 e8 06 24 3f 0f b6 d0 48 8b 05 28 00 6e 00
0x000000007543a6c8:   4a 8b 0c c0 48 0f a3 d1 72 3e 48 8b cf e8 56 08
0x000000007543a6d8:   fd ff 84 c0 74 32 48 8b d7 48 8b cd e8 27 d7 fc 


Register to memory mapping:

RAX=0x0000000013410000 is an unknown value
RBX=0x0000000000000000 is an unknown value
RCX=0x0000000000000000 is an unknown value
RDX=0x0000000000000035 is an unknown value
RSP=0x000000001320f580 is an unknown value
RBP=0x0000000002f0ad10 is an unknown value
RSI=0x00000007000f539c is pointing into object: 0x00000006e9a1ddf0
[Ljava.lang.Object; 
 - klass: 'java/lang/Object'[]
 - length: 236557360
RDI=0x00000006840849a8 is an unknown value
R8 =0x007fffffffe00424 is an unknown value
R9 =0x00000000059b5c00 is an unknown value
R10=0x000000000000000c is an unknown value
R11=0x00000000059b5c00 is an unknown value
R12=0x00000007000f5600 is pointing into object: 0x00000006e9a1ddf0
[Ljava.lang.Object; 
 - klass: 'java/lang/Object'[]
 - length: 236557360
R13=0x00000000059b5e00 is an unknown value
R14=0x00000006e9a1ddf0 is an oop
[Ljava.lang.Object; 
 - klass: 'java/lang/Object'[]
 - length: 236557360
R15=0x000000000e199430 is an unknown value


Stack: [0x0000000013110000,0x0000000013210000],  sp=0x000000001320f580,  free space=1021k
Native frames: (J=compiled Java code, j=interpreted, Vv=VM code, C=native code)
V  [jvm.dll+0x13a6c8]
V  [jvm.dll+0x3f72aa]
V  [jvm.dll+0x3f4083]
V  [jvm.dll+0x3f1eee]
V  [jvm.dll+0x29c43a]
C  [msvcr100.dll+0x21d9f]
C  [msvcr100.dll+0x21e3b]
C  [KERNEL32.DLL+0x13034]
C  [ntdll.dll+0x71431]


---------------  P R O C E S S  ---------------

Java Threads: ( => current thread )
  0x000000001db1c000 JavaThread "Service Thread" daemon [_thread_blocked, id=2356, stack(0x000000001e0a0000,0x000000001e1a0000)]
  0x000000001daa6000 JavaThread "C1 CompilerThread2" daemon [_thread_blocked, id=11224, stack(0x000000001dfa0000,0x000000001e0a0000)]
  0x000000001c43d800 JavaThread "C2 CompilerThread1" daemon [_thread_blocked, id=12056, stack(0x000000001dea0000,0x000000001dfa0000)]
  0x000000001c43b800 JavaThread "C2 CompilerThread0" daemon [_thread_blocked, id=10220, stack(0x000000001d9a0000,0x000000001daa0000)]
  0x000000001c43a000 JavaThread "Attach Listener" daemon [_thread_blocked, id=10416, stack(0x000000001d8a0000,0x000000001d9a0000)]
  0x000000001c439800 JavaThread "Signal Dispatcher" daemon [_thread_blocked, id=7524, stack(0x000000001d7a0000,0x000000001d8a0000)]
  0x000000001c3ca800 JavaThread "Finalizer" daemon [_thread_blocked, id=13872, stack(0x000000001d640000,0x000000001d740000)]
  0x000000001c3a8800 JavaThread "Reference Handler" daemon [_thread_blocked, id=6352, stack(0x000000001d540000,0x000000001d640000)]
  0x0000000002e20800 JavaThread "main" [_thread_blocked, id=1468, stack(0x00000000029a0000,0x0000000002aa0000)]

Other Threads:
  0x000000001c3a6800 VMThread [stack: 0x000000001d440000,0x000000001d540000] [id=4688]
  0x000000001db70000 WatcherThread [stack: 0x000000001e1a0000,0x000000001e2a0000] [id=4680]

=>0x0000000002e38000 (exited) GCTaskThread [stack: 0x0000000013110000,0x0000000013210000] [id=11964]

VM state:at safepoint (normal execution)

VM Mutex/Monitor currently owned by a thread:  ([mutex/lock_event])
[0x00000000010cbc40] Threads_lock - owner thread: 0x000000001c3a6800
[0x00000000010cc540] Heap_lock - owner thread: 0x0000000002e20800

Heap:
 PSYoungGen      total 877568K, used 32K [0x000000076c000000, 0x00000007a4680000, 0x00000007c0000000)
  eden space 873472K, 0% used [0x000000076c000000,0x000000076c000000,0x00000007a1500000)
  from space 4096K, 0% used [0x00000007a1880000,0x00000007a1888000,0x00000007a1c80000)
  to   space 3584K, 0% used [0x00000007a1500000,0x00000007a1500000,0x00000007a1880000)
 ParOldGen       total 2752512K, used 1540619K [0x00000006c4000000, 0x000000076c000000, 0x000000076c000000)
  object space 2752512K, 55% used [0x00000006c4000000,0x0000000722082ec0,0x000000076c000000)
 Metaspace       used 2657K, capacity 4564K, committed 4864K, reserved 1056768K
  class space    used 295K, capacity 388K, committed 512K, reserved 1048576K

Card table byte_map: [0x00000000122e0000,0x0000000012ad0000] byte_map_base: 0x000000000ecc0000

Marking Bits: (ParMarkBitMap*) 0x0000000075b1a6c0
 Begin Bits: [0x0000000013410000, 0x0000000017310000)
 End Bits:   [0x0000000017310000, 0x000000001b210000)

Polling page: 0x00000000010b0000

CodeCache: size=245760Kb used=1164Kb max_used=1177Kb free=244595Kb
 bounds [0x0000000002f20000, 0x0000000003190000, 0x0000000011f20000]
 total_blobs=286 nmethods=53 adapters=148
 compilation: enabled

Compilation events (10 events):
Event: 0.279 Thread 0x000000001c43b800 nmethod 50 0x000000000303dd10 code [0x000000000303de40, 0x000000000303def8]
Event: 0.279 Thread 0x000000001c43b800   47       4       java.util.LinkedList::linkLast (59 bytes)
Event: 0.279 Thread 0x000000001c43d800 nmethod 48 0x000000000303f250 code [0x000000000303f3a0, 0x000000000303f438]
Event: 0.280 Thread 0x000000001c43b800 nmethod 47 0x000000000303ef10 code [0x000000000303f060, 0x000000000303f198]
Event: 0.287 Thread 0x000000001daa6000   51 %     3       link.list.Solution::Print @ 61 (163 bytes)
Event: 0.288 Thread 0x000000001daa6000 nmethod 51% 0x0000000003042490 code [0x0000000003042800, 0x0000000003044528]
Event: 0.289 Thread 0x000000001daa6000   52       3       link.list.Solution::Print (163 bytes)
Event: 0.291 Thread 0x000000001daa6000 nmethod 52 0x0000000003045690 code [0x0000000003045a00, 0x0000000003047618]
Event: 0.291 Thread 0x000000001c43d800   53 %     4       link.list.Solution::Print @ 61 (163 bytes)
Event: 0.297 Thread 0x000000001c43d800 nmethod 53% 0x000000000303e390 code [0x000000000303e520, 0x000000000303ea08]

GC Heap History (10 events):
Event: 30.486 GC heap after
Heap after GC invocations=20 (full 6):
 PSYoungGen      total 653824K, used 0K [0x000000076c000000, 0x0000000796c00000, 0x00000007c0000000)
  eden space 648704K, 0% used [0x000000076c000000,0x000000076c000000,0x0000000793980000)
  from space 5120K, 0% used [0x0000000793e00000,0x0000000793e00000,0x0000000794300000)
  to   space 4608K, 0% used [0x0000000793980000,0x0000000793980000,0x0000000793e00000)
 ParOldGen       total 2266112K, used 1540619K [0x00000006c4000000, 0x000000074e500000, 0x000000076c000000)
  object space 2266112K, 67% used [0x00000006c4000000,0x0000000722082ec0,0x000000074e500000)
 Metaspace       used 2657K, capacity 4564K, committed 4864K, reserved 1056768K
  class space    used 295K, capacity 388K, committed 512K, reserved 1048576K
}
Event: 30.962 GC heap before
{Heap before GC invocations=21 (full 6):
 PSYoungGen      total 653824K, used 648704K [0x000000076c000000, 0x0000000796c00000, 0x00000007c0000000)
  eden space 648704K, 100% used [0x000000076c000000,0x0000000793980000,0x0000000793980000)
  from space 5120K, 0% used [0x0000000793e00000,0x0000000793e00000,0x0000000794300000)
  to   space 4608K, 0% used [0x0000000793980000,0x0000000793980000,0x0000000793e00000)
 ParOldGen       total 2266112K, used 1540619K [0x00000006c4000000, 0x000000074e500000, 0x000000076c000000)
  object space 2266112K, 67% used [0x00000006c4000000,0x0000000722082ec0,0x000000074e500000)
 Metaspace       used 2657K, capacity 4564K, committed 4864K, reserved 1056768K
  class space    used 295K, capacity 388K, committed 512K, reserved 1048576K
Event: 31.328 GC heap after
Heap after GC invocations=21 (full 6):
 PSYoungGen      total 653312K, used 0K [0x000000076c000000, 0x000000079a500000, 0x00000007c0000000)
  eden space 648704K, 0% used [0x000000076c000000,0x000000076c000000,0x0000000793980000)
  from space 4608K, 0% used [0x0000000793980000,0x0000000793980000,0x0000000793e00000)
  to   space 4608K, 0% used [0x000000079a080000,0x000000079a080000,0x000000079a500000)
 ParOldGen       total 2266112K, used 1540619K [0x00000006c4000000, 0x000000074e500000, 0x000000076c000000)
  object space 2266112K, 67% used [0x00000006c4000000,0x0000000722082ec0,0x000000074e500000)
 Metaspace       used 2657K, capacity 4564K, committed 4864K, reserved 1056768K
  class space    used 295K, capacity 388K, committed 512K, reserved 1048576K
}
Event: 31.791 GC heap before
{Heap before GC invocations=22 (full 6):
 PSYoungGen      total 653312K, used 648704K [0x000000076c000000, 0x000000079a500000, 0x00000007c0000000)
  eden space 648704K, 100% used [0x000000076c000000,0x0000000793980000,0x0000000793980000)
  from space 4608K, 0% used [0x0000000793980000,0x0000000793980000,0x0000000793e00000)
  to   space 4608K, 0% used [0x000000079a080000,0x000000079a080000,0x000000079a500000)
 ParOldGen       total 2266112K, used 1540619K [0x00000006c4000000, 0x000000074e500000, 0x000000076c000000)
  object space 2266112K, 67% used [0x00000006c4000000,0x0000000722082ec0,0x000000074e500000)
 Metaspace       used 2657K, capacity 4564K, committed 4864K, reserved 1056768K
  class space    used 295K, capacity 388K, committed 512K, reserved 1048576K
Event: 32.154 GC heap after
Heap after GC invocations=22 (full 6):
 PSYoungGen      total 754688K, used 0K [0x000000076c000000, 0x000000079b200000, 0x00000007c0000000)
  eden space 750080K, 0% used [0x000000076c000000,0x000000076c000000,0x0000000799c80000)
  from space 4608K, 0% used [0x000000079a080000,0x000000079a080000,0x000000079a500000)
  to   space 4096K, 0% used [0x0000000799c80000,0x0000000799c80000,0x000000079a080000)
 ParOldGen       total 2266112K, used 1540619K [0x00000006c4000000, 0x000000074e500000, 0x000000076c000000)
  object space 2266112K, 67% used [0x00000006c4000000,0x0000000722082ec0,0x000000074e500000)
 Metaspace       used 2657K, capacity 4564K, committed 4864K, reserved 1056768K
  class space    used 295K, capacity 388K, committed 512K, reserved 1048576K
}
Event: 32.278 GC heap before
{Heap before GC invocations=23 (full 6):
 PSYoungGen      total 754688K, used 179962K [0x000000076c000000, 0x000000079b200000, 0x00000007c0000000)
  eden space 750080K, 23% used [0x000000076c000000,0x0000000776fbea18,0x0000000799c80000)
  from space 4608K, 0% used [0x000000079a080000,0x000000079a080000,0x000000079a500000)
  to   space 4096K, 0% used [0x0000000799c80000,0x0000000799c80000,0x000000079a080000)
 ParOldGen       total 2752512K, used 1540619K [0x00000006c4000000, 0x000000076c000000, 0x000000076c000000)
  object space 2752512K, 55% used [0x00000006c4000000,0x0000000722082ec0,0x000000076c000000)
 Metaspace       used 2657K, capacity 4564K, committed 4864K, reserved 1056768K
  class space    used 295K, capacity 388K, committed 512K, reserved 1048576K
Event: 32.642 GC heap after
Heap after GC invocations=23 (full 6):
 PSYoungGen      total 754176K, used 32K [0x000000076c000000, 0x00000007a1c80000, 0x00000007c0000000)
  eden space 750080K, 0% used [0x000000076c000000,0x000000076c000000,0x0000000799c80000)
  from space 4096K, 0% used [0x0000000799c80000,0x0000000799c88000,0x000000079a080000)
  to   space 4096K, 0% used [0x00000007a1880000,0x00000007a1880000,0x00000007a1c80000)
 ParOldGen       total 2752512K, used 1540619K [0x00000006c4000000, 0x000000076c000000, 0x000000076c000000)
  object space 2752512K, 55% used [0x00000006c4000000,0x0000000722082ec0,0x000000076c000000)
 Metaspace       used 2657K, capacity 4564K, committed 4864K, reserved 1056768K
  class space    used 295K, capacity 388K, committed 512K, reserved 1048576K
}
Event: 32.642 GC heap before
{Heap before GC invocations=24 (full 6):
 PSYoungGen      total 754176K, used 32K [0x000000076c000000, 0x00000007a1c80000, 0x00000007c0000000)
  eden space 750080K, 0% used [0x000000076c000000,0x000000076c000000,0x0000000799c80000)
  from space 4096K, 0% used [0x0000000799c80000,0x0000000799c88000,0x000000079a080000)
  to   space 4096K, 0% used [0x00000007a1880000,0x00000007a1880000,0x00000007a1c80000)
 ParOldGen       total 2752512K, used 1540619K [0x00000006c4000000, 0x000000076c000000, 0x000000076c000000)
  object space 2752512K, 55% used [0x00000006c4000000,0x0000000722082ec0,0x000000076c000000)
 Metaspace       used 2657K, capacity 4564K, committed 4864K, reserved 1056768K
  class space    used 295K, capacity 388K, committed 512K, reserved 1048576K
Event: 33.009 GC heap after
Heap after GC invocations=24 (full 6):
 PSYoungGen      total 877568K, used 32K [0x000000076c000000, 0x00000007a4680000, 0x00000007c0000000)
  eden space 873472K, 0% used [0x000000076c000000,0x000000076c000000,0x00000007a1500000)
  from space 4096K, 0% used [0x00000007a1880000,0x00000007a1888000,0x00000007a1c80000)
  to   space 3584K, 0% used [0x00000007a1500000,0x00000007a1500000,0x00000007a1880000)
 ParOldGen       total 2752512K, used 1540619K [0x00000006c4000000, 0x000000076c000000, 0x000000076c000000)
  object space 2752512K, 55% used [0x00000006c4000000,0x0000000722082ec0,0x000000076c000000)
 Metaspace       used 2657K, capacity 4564K, committed 4864K, reserved 1056768K
  class space    used 295K, capacity 388K, committed 512K, reserved 1048576K
}
Event: 33.009 GC heap before
{Heap before GC invocations=25 (full 7):
 PSYoungGen      total 877568K, used 32K [0x000000076c000000, 0x00000007a4680000, 0x00000007c0000000)
  eden space 873472K, 0% used [0x000000076c000000,0x000000076c000000,0x00000007a1500000)
  from space 4096K, 0% used [0x00000007a1880000,0x00000007a1888000,0x00000007a1c80000)
  to   space 3584K, 0% used [0x00000007a1500000,0x00000007a1500000,0x00000007a1880000)
 ParOldGen       total 2752512K, used 1540619K [0x00000006c4000000, 0x000000076c000000, 0x000000076c000000)
  object space 2752512K, 55% used [0x00000006c4000000,0x0000000722082ec0,0x000000076c000000)
 Metaspace       used 2657K, capacity 4564K, committed 4864K, reserved 1056768K
  class space    used 295K, capacity 388K, committed 512K, reserved 1048576K

Deoptimization events (1 events):
Event: 0.272 Thread 0x0000000002e20800 Uncommon trap: reason=unstable_if action=reinterpret pc=0x0000000003038888 method=link.list.Solution.turnSomeOne([II)I @ 19

Internal exceptions (2 events):
Event: 0.047 Thread 0x0000000002e20800 Exception <a 'java/lang/NoSuchMethodError': Method sun.misc.Unsafe.defineClass(Ljava/lang/String;[BII)Ljava/lang/Class; name or signature does not match> (0x000000076c007c78) thrown at [C:\re\workspace\8-2-build-windows-amd64-cygwin\jdk8u111\7883\hotspot\
Event: 0.047 Thread 0x0000000002e20800 Exception <a 'java/lang/NoSuchMethodError': Method sun.misc.Unsafe.prefetchRead(Ljava/lang/Object;J)V name or signature does not match> (0x000000076c007f60) thrown at [C:\re\workspace\8-2-build-windows-amd64-cygwin\jdk8u111\7883\hotspot\src\share\vm\prims

Events (10 events):
Event: 28.429 Executing VM operation: ParallelGCFailedAllocation done
Event: 28.852 Executing VM operation: ParallelGCFailedAllocation
Event: 29.100 Executing VM operation: ParallelGCFailedAllocation done
Event: 30.117 Executing VM operation: ParallelGCFailedAllocation
Event: 30.486 Executing VM operation: ParallelGCFailedAllocation done
Event: 30.962 Executing VM operation: ParallelGCFailedAllocation
Event: 31.328 Executing VM operation: ParallelGCFailedAllocation done
Event: 31.791 Executing VM operation: ParallelGCFailedAllocation
Event: 32.154 Executing VM operation: ParallelGCFailedAllocation done
Event: 32.278 Executing VM operation: ParallelGCFailedAllocation


Dynamic libraries:
0x00007ff7bba40000 - 0x00007ff7bba77000 	E:\Java\jre1.8.0_111\bin\javaw.exe
0x00007ffd510b0000 - 0x00007ffd51291000 	C:\WINDOWS\SYSTEM32\ntdll.dll
0x00007ffd4ffa0000 - 0x00007ffd50052000 	C:\WINDOWS\System32\KERNEL32.DLL
0x00007ffd4dd90000 - 0x00007ffd4e003000 	C:\WINDOWS\System32\KERNELBASE.dll
0x00007ffd50fd0000 - 0x00007ffd51071000 	C:\WINDOWS\System32\ADVAPI32.dll
0x00007ffd508c0000 - 0x00007ffd5095e000 	C:\WINDOWS\System32\msvcrt.dll
0x00007ffd4e880000 - 0x00007ffd4e8db000 	C:\WINDOWS\System32\sechost.dll
0x00007ffd4e750000 - 0x00007ffd4e874000 	C:\WINDOWS\System32\RPCRT4.dll
0x00007ffd50680000 - 0x00007ffd50810000 	C:\WINDOWS\System32\USER32.dll
0x00007ffd4e010000 - 0x00007ffd4e030000 	C:\WINDOWS\System32\win32u.dll
0x00007ffd4e700000 - 0x00007ffd4e728000 	C:\WINDOWS\System32\GDI32.dll
0x00007ffd4e130000 - 0x00007ffd4e2c2000 	C:\WINDOWS\System32\gdi32full.dll
0x00007ffd4dcf0000 - 0x00007ffd4dd8f000 	C:\WINDOWS\System32\msvcp_win.dll
0x00007ffd4d480000 - 0x00007ffd4d57a000 	C:\WINDOWS\System32\ucrtbase.dll
0x00007ffd44090000 - 0x00007ffd442f9000 	C:\WINDOWS\WinSxS\amd64_microsoft.windows.common-controls_6595b64144ccf1df_6.0.17134.112_none_fb3f961b30681c12\COMCTL32.dll
0x00007ffd50c30000 - 0x00007ffd50f53000 	C:\WINDOWS\System32\combase.dll
0x00007ffd4e4c0000 - 0x00007ffd4e53a000 	C:\WINDOWS\System32\bcryptPrimitives.dll
0x00007ffd50810000 - 0x00007ffd5083d000 	C:\WINDOWS\System32\IMM32.DLL
0x00000000768e0000 - 0x00000000769b2000 	E:\Java\jre1.8.0_111\bin\msvcr100.dll
0x0000000075300000 - 0x0000000075b9a000 	E:\Java\jre1.8.0_111\bin\server\jvm.dll
0x00007ffd4e730000 - 0x00007ffd4e738000 	C:\WINDOWS\System32\PSAPI.DLL
0x00007ffd4b520000 - 0x00007ffd4b529000 	C:\WINDOWS\SYSTEM32\WSOCK32.dll
0x00007ffd50f60000 - 0x00007ffd50fcc000 	C:\WINDOWS\System32\WS2_32.dll
0x00007ffd4b2d0000 - 0x00007ffd4b2f3000 	C:\WINDOWS\SYSTEM32\WINMM.dll
0x00007ffd45540000 - 0x00007ffd4554a000 	C:\WINDOWS\SYSTEM32\VERSION.dll
0x00007ffd4ae30000 - 0x00007ffd4ae5a000 	C:\WINDOWS\SYSTEM32\WINMMBASE.dll
0x00007ffd4e030000 - 0x00007ffd4e079000 	C:\WINDOWS\System32\cfgmgr32.dll
0x0000000076cd0000 - 0x0000000076cdf000 	E:\Java\jre1.8.0_111\bin\verify.dll
0x0000000076ca0000 - 0x0000000076cc9000 	E:\Java\jre1.8.0_111\bin\java.dll
0x0000000076c80000 - 0x0000000076c96000 	E:\Java\jre1.8.0_111\bin\zip.dll
0x00007ffd4eb60000 - 0x00007ffd4ffa0000 	C:\WINDOWS\System32\SHELL32.dll
0x00007ffd50b80000 - 0x00007ffd50c29000 	C:\WINDOWS\System32\shcore.dll
0x00007ffd4d5e0000 - 0x00007ffd4dced000 	C:\WINDOWS\System32\windows.storage.dll
0x00007ffd4eb00000 - 0x00007ffd4eb51000 	C:\WINDOWS\System32\shlwapi.dll
0x00007ffd4d420000 - 0x00007ffd4d431000 	C:\WINDOWS\System32\kernel.appcore.dll
0x00007ffd4d460000 - 0x00007ffd4d47f000 	C:\WINDOWS\System32\profapi.dll
0x00007ffd4d3d0000 - 0x00007ffd4d41c000 	C:\WINDOWS\System32\powrprof.dll
0x00007ffd4d3c0000 - 0x00007ffd4d3ca000 	C:\WINDOWS\System32\FLTLIB.DLL
0x00007ffd44440000 - 0x00007ffd44609000 	C:\WINDOWS\SYSTEM32\dbghelp.dll

VM Arguments:
jvm_args: -Dfile.encoding=GBK 
java_command: link.list.Solution
java_class_path (initial): F:\ѧϰ\OJ_workspace\OfferTopics\bin
Launcher Type: SUN_STANDARD

Environment Variables:
JAVA_HOME=E:\Java\jdk1.8.0_111\bin
PATH=E:/Java/jre1.8.0_111/bin/server;E:/Java/jre1.8.0_111/bin;E:/Java/jre1.8.0_111/lib/amd64;C:\ProgramData\Oracle\Java\javapath;C:\WINDOWS\system32;C:\WINDOWS;C:\WINDOWS\System32\Wbem;C:\WINDOWS\System32\WindowsPowerShell\v1.0\;C:\WINDOWS\system32\config\systemprofile\.dnx\bin;C:\Program Files\Microsoft DNX\Dnvm\;C:\Program Files\Microsoft SQL Server\130\Tools\Binn\;C:\Program Files (x86)\Windows Kits\8.1\Windows Performance Toolkit\;%JAVA_HOME%;C:\Users\Raven\AppData\Local\Google\Chrome\Application;C:\WINDOWS\System32\OpenSSH\;E:\Git\cmd;E:\Anacoda;E:\Anacoda\Scripts;E:\Anacoda\Library\bin;C:\Users\Raven\AppData\Local\Microsoft\WindowsApps;;E:\Eclipse;
USERNAME=Raven
OS=Windows_NT
PROCESSOR_IDENTIFIER=AMD64 Family 16 Model 5 Stepping 3, AuthenticAMD



---------------  S Y S T E M  ---------------

OS: Windows 10.0 , 64 bit Build 17134 (10.0.17134.1)

CPU:total 4 (4 cores per cpu, 1 threads per core) family 16 model 5 stepping 3, cmov, cx8, fxsr, mmx, sse, sse2, sse3, popcnt, mmxext, 3dnowpref, lzcnt, sse4a, tsc, tscinvbit, tscinv

Memory: 4k page, physical 16514032k(8152624k free), swap 19004400k(7955608k free)

vm_info: Java HotSpot(TM) 64-Bit Server VM (25.111-b14) for windows-amd64 JRE (1.8.0_111-b14), built on Sep 22 2016 19:24:05 by "java_re" with MS VC++ 10.0 (VS2010)

time: Tue Jul 03 20:03:54 2018
elapsed time: 33 seconds (0d 0h 0m 33s)

